[debug] [2026-02-12T01:40:46.238Z] ----------------------------------------------------------------------
[debug] [2026-02-12T01:40:46.240Z] Command:       C:\Program Files\nodejs\node.exe C:\Users\Amine\AppData\Roaming\npm\node_modules\firebase-tools\lib\bin\firebase.js init hosting --project promptshield-6d5cd
[debug] [2026-02-12T01:40:46.240Z] CLI Version:   15.5.1
[debug] [2026-02-12T01:40:46.240Z] Platform:      win32
[debug] [2026-02-12T01:40:46.240Z] Node Version:  v24.12.0
[debug] [2026-02-12T01:40:46.240Z] Time:          Wed Feb 11 2026 20:40:46 GMT-0500 (heure normale de l’Est)
[debug] [2026-02-12T01:40:46.241Z] ----------------------------------------------------------------------
[debug] 
[info] 
     ######## #### ########  ######## ########     ###     ######  ########
     ##        ##  ##     ## ##       ##     ##  ##   ##  ##       ##
     ######    ##  ########  ######   ########  #########  ######  ######
     ##        ##  ##    ##  ##       ##     ## ##     ##       ## ##
     ##       #### ##     ## ######## ########  ##     ##  ######  ########

You're about to initialize a Firebase project in this directory:

  C:\Projects\doc-anonymizer

Before we get started, keep in mind:

  * You are currently outside your home directory

[debug] [2026-02-12T01:41:20.388Z] ExitPromptError: User force closed the prompt with SIGINT
    at Interface.sigint (C:\Users\Amine\AppData\Roaming\npm\node_modules\firebase-tools\node_modules\@inquirer\core\dist\commonjs\lib\create-prompt.js:101:37)
    at Interface.emit (node:events:508:28)
    at [_ttyWrite] [as _ttyWrite] (node:internal/readline/interface:1327:18)
    at ReadStream.onkeypress (node:internal/readline/interface:284:20)
    at ReadStream.emit (node:events:520:35)
    at emitKeys (node:internal/readline/utils:371:14)
    at emitKeys.next (<anonymous>)
    at ReadStream.onData (node:internal/readline/emitKeypressEvents:64:36)
    at ReadStream.emit (node:events:508:28)
    at addChunk (node:internal/streams/readable:559:12)
[error] 
[error] Error: An unexpected error has occurred.
